[2022-05-05T02:58:05.336Z] Validating found git in: git
[2022-05-05T02:58:05.355Z] Using git 2.36.0 from git
[2022-05-05T02:58:05.546Z] > git rev-parse --git-dir [178ms]
[2022-05-05T02:58:05.549Z] Open repository: /home/jbernardis/Documents/projects/web/my-app
[2022-05-05T02:58:05.574Z] > git symbolic-ref --short HEAD [1ms]
[2022-05-05T02:58:05.597Z] > git for-each-ref --format=%(refname)%00%(upstream:short)%00%(objectname)%00%(upstream:track) refs/heads/master refs/remotes/master [20ms]
[2022-05-05T02:58:05.609Z] > git remote --verbose [6ms]
[2022-05-05T02:58:05.610Z] > git for-each-ref --sort -committerdate --format %(refname) %(objectname) %(*objectname) [10ms]
[2022-05-05T02:58:05.614Z] > git config --get commit.template [0ms]
[2022-05-05T02:58:29.289Z] > git symbolic-ref --short HEAD [1ms]
[2022-05-05T02:58:29.292Z] > git for-each-ref --format=%(refname)%00%(upstream:short)%00%(objectname)%00%(upstream:track) refs/heads/master refs/remotes/master [1ms]
[2022-05-05T02:58:29.296Z] > git for-each-ref --sort -committerdate --format %(refname) %(objectname) %(*objectname) [2ms]
[2022-05-05T02:58:29.297Z] > git remote --verbose [1ms]
[2022-05-05T02:58:29.300Z] > git config --get commit.template [0ms]
[2022-05-05T02:59:14.156Z] > git ls-files --stage -- /home/jbernardis/Documents/projects/web/my-app/src/App.css [1ms]
[2022-05-05T02:59:14.161Z] > git cat-file -s 74b5e053450a48a6bdb4d71aad648e7af821975c [1ms]
[2022-05-05T02:59:26.582Z] > git symbolic-ref --short HEAD [1ms]
[2022-05-05T02:59:26.585Z] > git for-each-ref --format=%(refname)%00%(upstream:short)%00%(objectname)%00%(upstream:track) refs/heads/master refs/remotes/master [1ms]
[2022-05-05T02:59:26.589Z] > git for-each-ref --sort -committerdate --format %(refname) %(objectname) %(*objectname) [2ms]
[2022-05-05T02:59:26.589Z] > git remote --verbose [0ms]
[2022-05-05T02:59:26.594Z] > git config --get commit.template [1ms]
[2022-05-05T02:59:36.039Z] > git ls-files --stage -- /home/jbernardis/Documents/projects/web/my-app/src/index.css [1ms]
[2022-05-05T02:59:36.041Z] > git cat-file -s ec2585e8c0bb8188184ed1e0703c4c8f2a8419b0 [0ms]
[2022-05-05T02:59:36.862Z] > git symbolic-ref --short HEAD [1ms]
[2022-05-05T02:59:36.865Z] > git for-each-ref --format=%(refname)%00%(upstream:short)%00%(objectname)%00%(upstream:track) refs/heads/master refs/remotes/master [1ms]
[2022-05-05T02:59:36.870Z] > git for-each-ref --sort -committerdate --format %(refname) %(objectname) %(*objectname) [3ms]
[2022-05-05T02:59:36.870Z] > git remote --verbose [1ms]
[2022-05-05T02:59:36.874Z] > git config --get commit.template [1ms]
[2022-05-05T02:59:50.759Z] > git ls-files --stage -- /home/jbernardis/Documents/projects/web/my-app/src/index.js [1ms]
[2022-05-05T02:59:50.762Z] > git cat-file -s d563c0fb10ba0e42724b21286eb546ee4e5734fc [0ms]
[2022-05-05T02:59:59.050Z] > git symbolic-ref --short HEAD [0ms]
[2022-05-05T02:59:59.053Z] > git for-each-ref --format=%(refname)%00%(upstream:short)%00%(objectname)%00%(upstream:track) refs/heads/master refs/remotes/master [0ms]
[2022-05-05T02:59:59.058Z] > git for-each-ref --sort -committerdate --format %(refname) %(objectname) %(*objectname) [2ms]
[2022-05-05T02:59:59.059Z] > git remote --verbose [1ms]
[2022-05-05T02:59:59.064Z] > git config --get commit.template [2ms]
[2022-05-05T03:00:46.050Z] > git symbolic-ref --short HEAD [1ms]
[2022-05-05T03:00:46.054Z] > git for-each-ref --format=%(refname)%00%(upstream:short)%00%(objectname)%00%(upstream:track) refs/heads/master refs/remotes/master [1ms]
[2022-05-05T03:00:46.059Z] > git remote --verbose [1ms]
[2022-05-05T03:00:46.059Z] > git for-each-ref --sort -committerdate --format %(refname) %(objectname) %(*objectname) [3ms]
[2022-05-05T03:00:46.063Z] > git config --get commit.template [0ms]
[2022-05-05T03:00:51.074Z] > git symbolic-ref --short HEAD [0ms]
[2022-05-05T03:00:51.077Z] > git for-each-ref --format=%(refname)%00%(upstream:short)%00%(objectname)%00%(upstream:track) refs/heads/master refs/remotes/master [0ms]
[2022-05-05T03:00:51.083Z] > git for-each-ref --sort -committerdate --format %(refname) %(objectname) %(*objectname) [3ms]
[2022-05-05T03:00:51.083Z] > git remote --verbose [1ms]
[2022-05-05T03:00:51.087Z] > git config --get commit.template [1ms]
[2022-05-05T03:01:31.659Z] > git ls-files --stage -- /home/jbernardis/Documents/projects/web/my-app/src/index.js [1ms]
[2022-05-05T03:01:31.662Z] > git cat-file -s d563c0fb10ba0e42724b21286eb546ee4e5734fc [1ms]
[2022-05-05T03:03:35.569Z] > git symbolic-ref --short HEAD [1ms]
[2022-05-05T03:03:35.573Z] > git for-each-ref --format=%(refname)%00%(upstream:short)%00%(objectname)%00%(upstream:track) refs/heads/master refs/remotes/master [1ms]
[2022-05-05T03:03:35.580Z] > git for-each-ref --sort -committerdate --format %(refname) %(objectname) %(*objectname) [4ms]
[2022-05-05T03:03:35.580Z] > git remote --verbose [0ms]
[2022-05-05T03:03:35.585Z] > git config --get commit.template [0ms]
[2022-05-05T03:03:43.542Z] > git symbolic-ref --short HEAD [1ms]
[2022-05-05T03:03:43.546Z] > git for-each-ref --format=%(refname)%00%(upstream:short)%00%(objectname)%00%(upstream:track) refs/heads/master refs/remotes/master [1ms]
[2022-05-05T03:03:43.551Z] > git for-each-ref --sort -committerdate --format %(refname) %(objectname) %(*objectname) [3ms]
[2022-05-05T03:03:43.551Z] > git remote --verbose [1ms]
[2022-05-05T03:03:43.555Z] > git config --get commit.template [1ms]
[2022-05-05T03:03:48.567Z] > git symbolic-ref --short HEAD [0ms]
[2022-05-05T03:03:48.571Z] > git for-each-ref --format=%(refname)%00%(upstream:short)%00%(objectname)%00%(upstream:track) refs/heads/master refs/remotes/master [1ms]
[2022-05-05T03:03:48.577Z] > git for-each-ref --sort -committerdate --format %(refname) %(objectname) %(*objectname) [3ms]
[2022-05-05T03:03:48.577Z] > git remote --verbose [0ms]
[2022-05-05T03:03:48.582Z] > git config --get commit.template [0ms]
[2022-05-05T03:04:25.301Z] > git symbolic-ref --short HEAD [0ms]
[2022-05-05T03:04:25.305Z] > git for-each-ref --format=%(refname)%00%(upstream:short)%00%(objectname)%00%(upstream:track) refs/heads/master refs/remotes/master [1ms]
[2022-05-05T03:04:25.311Z] > git for-each-ref --sort -committerdate --format %(refname) %(objectname) %(*objectname) [2ms]
[2022-05-05T03:04:25.312Z] > git remote --verbose [1ms]
[2022-05-05T03:04:25.315Z] > git config --get commit.template [0ms]
[2022-05-05T03:04:33.662Z] > git symbolic-ref --short HEAD [0ms]
[2022-05-05T03:04:33.667Z] > git for-each-ref --format=%(refname)%00%(upstream:short)%00%(objectname)%00%(upstream:track) refs/heads/master refs/remotes/master [1ms]
[2022-05-05T03:04:33.672Z] > git for-each-ref --sort -committerdate --format %(refname) %(objectname) %(*objectname) [2ms]
[2022-05-05T03:04:33.673Z] > git remote --verbose [1ms]
[2022-05-05T03:04:33.676Z] > git config --get commit.template [0ms]
[2022-05-05T03:07:15.127Z] > git symbolic-ref --short HEAD [1ms]
[2022-05-05T03:07:15.130Z] > git for-each-ref --format=%(refname)%00%(upstream:short)%00%(objectname)%00%(upstream:track) refs/heads/master refs/remotes/master [0ms]
[2022-05-05T03:07:15.135Z] > git for-each-ref --sort -committerdate --format %(refname) %(objectname) %(*objectname) [2ms]
[2022-05-05T03:07:15.135Z] > git remote --verbose [0ms]
[2022-05-05T03:07:15.139Z] > git config --get commit.template [1ms]
[2022-05-05T03:07:40.381Z] > git symbolic-ref --short HEAD [0ms]
[2022-05-05T03:07:40.384Z] > git for-each-ref --format=%(refname)%00%(upstream:short)%00%(objectname)%00%(upstream:track) refs/heads/master refs/remotes/master [0ms]
[2022-05-05T03:07:40.390Z] > git remote --verbose [1ms]
[2022-05-05T03:07:40.390Z] > git for-each-ref --sort -committerdate --format %(refname) %(objectname) %(*objectname) [3ms]
[2022-05-05T03:07:40.394Z] > git config --get commit.template [1ms]
[2022-05-05T03:07:45.405Z] > git symbolic-ref --short HEAD [1ms]
[2022-05-05T03:07:45.408Z] > git for-each-ref --format=%(refname)%00%(upstream:short)%00%(objectname)%00%(upstream:track) refs/heads/master refs/remotes/master [1ms]
[2022-05-05T03:07:45.413Z] > git for-each-ref --sort -committerdate --format %(refname) %(objectname) %(*objectname) [3ms]
[2022-05-05T03:07:45.413Z] > git remote --verbose [0ms]
[2022-05-05T03:07:45.417Z] > git config --get commit.template [1ms]
[2022-05-05T03:07:56.412Z] > git symbolic-ref --short HEAD [1ms]
[2022-05-05T03:07:56.415Z] > git for-each-ref --format=%(refname)%00%(upstream:short)%00%(objectname)%00%(upstream:track) refs/heads/master refs/remotes/master [1ms]
[2022-05-05T03:07:56.420Z] > git for-each-ref --sort -committerdate --format %(refname) %(objectname) %(*objectname) [3ms]
[2022-05-05T03:07:56.420Z] > git remote --verbose [1ms]
[2022-05-05T03:07:56.423Z] > git config --get commit.template [0ms]
[2022-05-05T03:08:22.493Z] > git symbolic-ref --short HEAD [1ms]
[2022-05-05T03:08:22.496Z] > git for-each-ref --format=%(refname)%00%(upstream:short)%00%(objectname)%00%(upstream:track) refs/heads/master refs/remotes/master [1ms]
[2022-05-05T03:08:22.501Z] > git for-each-ref --sort -committerdate --format %(refname) %(objectname) %(*objectname) [3ms]
[2022-05-05T03:08:22.501Z] > git remote --verbose [1ms]
[2022-05-05T03:08:22.505Z] > git config --get commit.template [1ms]
[2022-05-05T03:08:27.515Z] > git symbolic-ref --short HEAD [1ms]
[2022-05-05T03:08:27.518Z] > git for-each-ref --format=%(refname)%00%(upstream:short)%00%(objectname)%00%(upstream:track) refs/heads/master refs/remotes/master [1ms]
[2022-05-05T03:08:27.523Z] > git for-each-ref --sort -committerdate --format %(refname) %(objectname) %(*objectname) [3ms]
[2022-05-05T03:08:27.523Z] > git remote --verbose [1ms]
[2022-05-05T03:08:27.527Z] > git config --get commit.template [1ms]
[2022-05-05T03:08:32.538Z] > git symbolic-ref --short HEAD [1ms]
[2022-05-05T03:08:32.542Z] > git for-each-ref --format=%(refname)%00%(upstream:short)%00%(objectname)%00%(upstream:track) refs/heads/master refs/remotes/master [1ms]
[2022-05-05T03:08:32.549Z] > git for-each-ref --sort -committerdate --format %(refname) %(objectname) %(*objectname) [4ms]
[2022-05-05T03:08:32.549Z] > git remote --verbose [1ms]
[2022-05-05T03:08:32.553Z] > git config --get commit.template [1ms]
[2022-05-05T03:08:38.202Z] > git symbolic-ref --short HEAD [1ms]
[2022-05-05T03:08:38.206Z] > git for-each-ref --format=%(refname)%00%(upstream:short)%00%(objectname)%00%(upstream:track) refs/heads/master refs/remotes/master [1ms]
[2022-05-05T03:08:38.212Z] > git for-each-ref --sort -committerdate --format %(refname) %(objectname) %(*objectname) [3ms]
[2022-05-05T03:08:38.212Z] > git remote --verbose [1ms]
[2022-05-05T03:08:38.215Z] > git config --get commit.template [0ms]
[2022-05-05T03:08:43.225Z] > git symbolic-ref --short HEAD [0ms]
[2022-05-05T03:08:43.229Z] > git for-each-ref --format=%(refname)%00%(upstream:short)%00%(objectname)%00%(upstream:track) refs/heads/master refs/remotes/master [1ms]
[2022-05-05T03:08:43.234Z] > git for-each-ref --sort -committerdate --format %(refname) %(objectname) %(*objectname) [3ms]
[2022-05-05T03:08:43.234Z] > git remote --verbose [1ms]
[2022-05-05T03:08:43.237Z] > git config --get commit.template [0ms]
[2022-05-05T03:08:48.250Z] > git symbolic-ref --short HEAD [0ms]
[2022-05-05T03:08:48.253Z] > git for-each-ref --format=%(refname)%00%(upstream:short)%00%(objectname)%00%(upstream:track) refs/heads/master refs/remotes/master [0ms]
[2022-05-05T03:08:48.258Z] > git for-each-ref --sort -committerdate --format %(refname) %(objectname) %(*objectname) [2ms]
[2022-05-05T03:08:48.259Z] > git remote --verbose [1ms]
[2022-05-05T03:08:48.262Z] > git config --get commit.template [0ms]
[2022-05-05T03:08:56.539Z] > git symbolic-ref --short HEAD [1ms]
[2022-05-05T03:08:56.543Z] > git for-each-ref --format=%(refname)%00%(upstream:short)%00%(objectname)%00%(upstream:track) refs/heads/master refs/remotes/master [1ms]
[2022-05-05T03:08:56.550Z] > git for-each-ref --sort -committerdate --format %(refname) %(objectname) %(*objectname) [4ms]
[2022-05-05T03:08:56.551Z] > git remote --verbose [2ms]
[2022-05-05T03:08:56.554Z] > git config --get commit.template [0ms]
[2022-05-05T03:09:01.565Z] > git symbolic-ref --short HEAD [1ms]
[2022-05-05T03:09:01.569Z] > git for-each-ref --format=%(refname)%00%(upstream:short)%00%(objectname)%00%(upstream:track) refs/heads/master refs/remotes/master [1ms]
[2022-05-05T03:09:01.575Z] > git remote --verbose [1ms]
[2022-05-05T03:09:01.575Z] > git for-each-ref --sort -committerdate --format %(refname) %(objectname) %(*objectname) [3ms]
[2022-05-05T03:09:01.579Z] > git config --get commit.template [1ms]
[2022-05-05T03:09:40.204Z] > git symbolic-ref --short HEAD [1ms]
[2022-05-05T03:09:40.207Z] > git for-each-ref --format=%(refname)%00%(upstream:short)%00%(objectname)%00%(upstream:track) refs/heads/master refs/remotes/master [1ms]
[2022-05-05T03:09:40.212Z] > git for-each-ref --sort -committerdate --format %(refname) %(objectname) %(*objectname) [3ms]
[2022-05-05T03:09:40.212Z] > git remote --verbose [0ms]
[2022-05-05T03:09:40.216Z] > git config --get commit.template [1ms]
[2022-05-05T03:10:01.340Z] > git symbolic-ref --short HEAD [0ms]
[2022-05-05T03:10:01.343Z] > git for-each-ref --format=%(refname)%00%(upstream:short)%00%(objectname)%00%(upstream:track) refs/heads/master refs/remotes/master [0ms]
[2022-05-05T03:10:01.348Z] > git for-each-ref --sort -committerdate --format %(refname) %(objectname) %(*objectname) [2ms]
[2022-05-05T03:10:01.349Z] > git remote --verbose [1ms]
[2022-05-05T03:10:01.353Z] > git config --get commit.template [1ms]
[2022-05-05T03:10:13.325Z] > git symbolic-ref --short HEAD [1ms]
[2022-05-05T03:10:13.328Z] > git for-each-ref --format=%(refname)%00%(upstream:short)%00%(objectname)%00%(upstream:track) refs/heads/master refs/remotes/master [1ms]
[2022-05-05T03:10:13.333Z] > git for-each-ref --sort -committerdate --format %(refname) %(objectname) %(*objectname) [3ms]
[2022-05-05T03:10:13.333Z] > git remote --verbose [1ms]
[2022-05-05T03:10:13.337Z] > git config --get commit.template [1ms]
[2022-05-05T03:10:25.579Z] > git symbolic-ref --short HEAD [0ms]
[2022-05-05T03:10:25.583Z] > git for-each-ref --format=%(refname)%00%(upstream:short)%00%(objectname)%00%(upstream:track) refs/heads/master refs/remotes/master [0ms]
[2022-05-05T03:10:25.588Z] > git for-each-ref --sort -committerdate --format %(refname) %(objectname) %(*objectname) [2ms]
[2022-05-05T03:10:25.589Z] > git remote --verbose [1ms]
[2022-05-05T03:10:25.592Z] > git config --get commit.template [1ms]
[2022-05-05T03:12:02.383Z] > git symbolic-ref --short HEAD [1ms]
[2022-05-05T03:12:02.386Z] > git for-each-ref --format=%(refname)%00%(upstream:short)%00%(objectname)%00%(upstream:track) refs/heads/master refs/remotes/master [0ms]
[2022-05-05T03:12:02.391Z] > git for-each-ref --sort -committerdate --format %(refname) %(objectname) %(*objectname) [2ms]
[2022-05-05T03:12:02.392Z] > git remote --verbose [1ms]
[2022-05-05T03:12:02.396Z] > git config --get commit.template [1ms]
[2022-05-05T03:12:21.207Z] > git symbolic-ref --short HEAD [0ms]
[2022-05-05T03:12:21.210Z] > git for-each-ref --format=%(refname)%00%(upstream:short)%00%(objectname)%00%(upstream:track) refs/heads/master refs/remotes/master [1ms]
[2022-05-05T03:12:21.215Z] > git for-each-ref --sort -committerdate --format %(refname) %(objectname) %(*objectname) [3ms]
[2022-05-05T03:12:21.215Z] > git remote --verbose [0ms]
[2022-05-05T03:12:21.219Z] > git config --get commit.template [1ms]
[2022-05-05T03:12:26.256Z] > git symbolic-ref --short HEAD [2ms]
[2022-05-05T03:12:26.269Z] > git for-each-ref --format=%(refname)%00%(upstream:short)%00%(objectname)%00%(upstream:track) refs/heads/master refs/remotes/master [3ms]
[2022-05-05T03:12:26.293Z] > git for-each-ref --sort -committerdate --format %(refname) %(objectname) %(*objectname) [14ms]
[2022-05-05T03:12:26.294Z] > git remote --verbose [5ms]
[2022-05-05T03:12:26.308Z] > git config --get commit.template [2ms]
[2022-05-05T03:12:44.092Z] > git symbolic-ref --short HEAD [2ms]
[2022-05-05T03:12:44.099Z] > git for-each-ref --format=%(refname)%00%(upstream:short)%00%(objectname)%00%(upstream:track) refs/heads/master refs/remotes/master [1ms]
[2022-05-05T03:12:44.113Z] > git for-each-ref --sort -committerdate --format %(refname) %(objectname) %(*objectname) [8ms]
[2022-05-05T03:12:44.113Z] > git remote --verbose [2ms]
[2022-05-05T03:12:44.124Z] > git config --get commit.template [1ms]
[2022-05-05T03:12:50.119Z] > git symbolic-ref --short HEAD [1ms]
[2022-05-05T03:12:50.122Z] > git for-each-ref --format=%(refname)%00%(upstream:short)%00%(objectname)%00%(upstream:track) refs/heads/master refs/remotes/master [1ms]
[2022-05-05T03:12:50.126Z] > git for-each-ref --sort -committerdate --format %(refname) %(objectname) %(*objectname) [2ms]
[2022-05-05T03:12:50.127Z] > git remote --verbose [1ms]
[2022-05-05T03:12:50.130Z] > git config --get commit.template [0ms]
[2022-05-05T03:12:59.465Z] > git symbolic-ref --short HEAD [1ms]
[2022-05-05T03:12:59.468Z] > git for-each-ref --format=%(refname)%00%(upstream:short)%00%(objectname)%00%(upstream:track) refs/heads/master refs/remotes/master [0ms]
[2022-05-05T03:12:59.474Z] > git for-each-ref --sort -committerdate --format %(refname) %(objectname) %(*objectname) [3ms]
[2022-05-05T03:12:59.474Z] > git remote --verbose [0ms]
[2022-05-05T03:12:59.479Z] > git config --get commit.template [1ms]
[2022-05-05T03:15:58.535Z] > git symbolic-ref --short HEAD [3ms]
[2022-05-05T03:15:58.544Z] > git for-each-ref --format=%(refname)%00%(upstream:short)%00%(objectname)%00%(upstream:track) refs/heads/master refs/remotes/master [1ms]
[2022-05-05T03:15:58.549Z] > git for-each-ref --sort -committerdate --format %(refname) %(objectname) %(*objectname) [3ms]
[2022-05-05T03:15:58.549Z] > git remote --verbose [0ms]
[2022-05-05T03:15:58.553Z] > git config --get commit.template [0ms]
[2022-05-05T03:17:06.922Z] > git symbolic-ref --short HEAD [1ms]
[2022-05-05T03:17:06.925Z] > git for-each-ref --format=%(refname)%00%(upstream:short)%00%(objectname)%00%(upstream:track) refs/heads/master refs/remotes/master [0ms]
[2022-05-05T03:17:06.930Z] > git for-each-ref --sort -committerdate --format %(refname) %(objectname) %(*objectname) [3ms]
[2022-05-05T03:17:06.930Z] > git remote --verbose [1ms]
[2022-05-05T03:17:06.934Z] > git config --get commit.template [1ms]
[2022-05-05T03:17:08.540Z] > git ls-files --stage -- /home/jbernardis/Documents/projects/web/my-app/src/index.css [1ms]
[2022-05-05T03:17:08.543Z] > git cat-file -s ec2585e8c0bb8188184ed1e0703c4c8f2a8419b0 [1ms]
[2022-05-05T03:17:11.946Z] > git symbolic-ref --short HEAD [1ms]
[2022-05-05T03:17:11.949Z] > git for-each-ref --format=%(refname)%00%(upstream:short)%00%(objectname)%00%(upstream:track) refs/heads/master refs/remotes/master [1ms]
[2022-05-05T03:17:11.954Z] > git for-each-ref --sort -committerdate --format %(refname) %(objectname) %(*objectname) [3ms]
[2022-05-05T03:17:11.954Z] > git remote --verbose [1ms]
[2022-05-05T03:17:11.957Z] > git config --get commit.template [1ms]
[2022-05-05T03:18:36.556Z] > git ls-files --stage -- /home/jbernardis/Documents/projects/web/my-app/src/index.css [0ms]
[2022-05-05T03:18:36.559Z] > git cat-file -s ec2585e8c0bb8188184ed1e0703c4c8f2a8419b0 [0ms]
[2022-05-05T03:18:39.061Z] > git ls-files --stage -- /home/jbernardis/Documents/projects/web/my-app/src/index.js [1ms]
[2022-05-05T03:18:39.065Z] > git cat-file -s d563c0fb10ba0e42724b21286eb546ee4e5734fc [1ms]
[2022-05-05T03:19:40.954Z] > git ls-files --stage -- /home/jbernardis/Documents/projects/web/my-app/src/index.css [2ms]
[2022-05-05T03:19:40.963Z] > git cat-file -s ec2585e8c0bb8188184ed1e0703c4c8f2a8419b0 [2ms]
[2022-05-05T03:19:42.285Z] > git ls-files --stage -- /home/jbernardis/Documents/projects/web/my-app/src/index.js [0ms]
[2022-05-05T03:19:42.288Z] > git cat-file -s d563c0fb10ba0e42724b21286eb546ee4e5734fc [1ms]
