0 verbose cli [
0 verbose cli   '/home/jbernardis/.nvm/versions/node/v16.14.2/bin/node',
0 verbose cli   '/home/jbernardis/.nvm/versions/node/v16.14.2/bin/npm',
0 verbose cli   'install',
0 verbose cli   '--no-audit',
0 verbose cli   '--save',
0 verbose cli   '@testing-library/jest-dom@^5.14.1',
0 verbose cli   '@testing-library/react@^13.0.0',
0 verbose cli   '@testing-library/user-event@^13.2.1',
0 verbose cli   'web-vitals@^2.1.0'
0 verbose cli ]
1 info using npm@8.5.0
2 info using node@v16.14.2
3 timing npm:load:whichnode Completed in 0ms
4 timing config:load:defaults Completed in 1ms
5 timing config:load:file:/home/jbernardis/.nvm/versions/node/v16.14.2/lib/node_modules/npm/npmrc Completed in 0ms
6 timing config:load:builtin Completed in 0ms
7 timing config:load:cli Completed in 2ms
8 timing config:load:env Completed in 0ms
9 timing config:load:file:/home/jbernardis/Documents/projects/web/my-app/.npmrc Completed in 0ms
10 timing config:load:project Completed in 3ms
11 timing config:load:file:/home/jbernardis/.npmrc Completed in 0ms
12 timing config:load:user Completed in 0ms
13 timing config:load:file:/home/jbernardis/.nvm/versions/node/v16.14.2/etc/npmrc Completed in 2ms
14 timing config:load:global Completed in 2ms
15 timing config:load:validate Completed in 0ms
16 timing config:load:credentials Completed in 1ms
17 timing config:load:setEnvs Completed in 1ms
18 timing config:load Completed in 10ms
19 timing npm:load:configload Completed in 11ms
20 timing npm:load:setTitle Completed in 0ms
21 timing config:load:flatten Completed in 2ms
22 timing npm:load:display Completed in 3ms
23 verbose logfile /home/jbernardis/.npm/_logs/2022-05-05T02_56_38_563Z-debug-0.log
24 timing npm:load:logFile Completed in 3ms
25 timing npm:load:timers Completed in 0ms
26 timing npm:load:configScope Completed in 0ms
27 timing npm:load Completed in 17ms
28 timing arborist:ctor Completed in 1ms
29 silly logfile start cleaning logs, removing 1 files
30 timing idealTree:init Completed in 551ms
31 timing idealTree:userRequests Completed in 2ms
32 silly idealTree buildDeps
33 silly fetch manifest @testing-library/jest-dom@^5.14.1
34 timing arborist:ctor Completed in 0ms
35 http fetch GET 200 https://registry.npmjs.org/@testing-library%2fjest-dom 2157ms (cache miss)
36 silly fetch manifest @testing-library/react@^13.0.0
37 http fetch GET 200 https://registry.npmjs.org/@testing-library%2freact 236ms (cache miss)
38 silly fetch manifest react@^18.1.0
39 http fetch GET 200 https://registry.npmjs.org/react 8ms (cache hit)
40 silly fetch manifest react-dom@^18.1.0
41 http fetch GET 200 https://registry.npmjs.org/react-dom 4ms (cache hit)
42 silly fetch manifest @testing-library/user-event@^13.2.1
43 http fetch GET 200 https://registry.npmjs.org/@testing-library%2fuser-event 245ms (cache miss)
44 silly fetch manifest @testing-library/dom@>=7.21.4
45 http fetch GET 200 https://registry.npmjs.org/@testing-library%2fdom 248ms (cache miss)
46 silly fetch manifest web-vitals@^2.1.0
47 http fetch GET 200 https://registry.npmjs.org/web-vitals 26ms (cache miss)
48 silly placeDep ROOT @testing-library/jest-dom@5.16.4 OK for: my-app@0.1.0 want: ^5.14.1
49 silly placeDep ROOT @testing-library/react@13.2.0 OK for: my-app@0.1.0 want: ^13.0.0
50 silly placeDep ROOT @testing-library/user-event@13.5.0 OK for: my-app@0.1.0 want: ^13.2.1
51 silly placeDep ROOT @testing-library/dom@8.13.0 OK for: @testing-library/user-event@13.5.0 want: >=7.21.4
52 silly placeDep ROOT web-vitals@2.1.4 OK for: my-app@0.1.0 want: ^2.1.0
53 silly fetch manifest @types/testing-library__jest-dom@^5.9.1
54 silly fetch manifest aria-query@^5.0.0
55 silly fetch manifest chalk@^3.0.0
56 silly fetch manifest css@^3.0.0
57 silly fetch manifest css.escape@^1.5.1
58 silly fetch manifest dom-accessibility-api@^0.5.6
59 silly fetch manifest redent@^3.0.0
60 silly fetch manifest @types/react-dom@^18.0.0
61 silly fetch manifest @types/aria-query@^4.2.0
62 silly fetch manifest chalk@^4.1.0
63 silly fetch manifest dom-accessibility-api@^0.5.9
64 silly fetch manifest lz-string@^1.4.4
65 http fetch GET 200 https://registry.npmjs.org/aria-query 14ms (cache hit)
66 http fetch GET 200 https://registry.npmjs.org/chalk 15ms (cache hit)
67 http fetch GET 200 https://registry.npmjs.org/redent 52ms (cache miss)
68 http fetch GET 200 https://registry.npmjs.org/css 58ms (cache miss)
69 http fetch GET 200 https://registry.npmjs.org/dom-accessibility-api 66ms (cache miss)
70 http fetch GET 200 https://registry.npmjs.org/@types%2freact-dom 74ms (cache miss)
71 http fetch GET 200 https://registry.npmjs.org/lz-string 906ms (cache miss)
72 http fetch GET 200 https://registry.npmjs.org/css.escape 914ms (cache miss)
73 http fetch GET 200 https://registry.npmjs.org/@types%2ftesting-library__jest-dom 1065ms (cache miss)
74 http fetch GET 200 https://registry.npmjs.org/@types%2faria-query 1724ms (cache miss)
75 timing idealTree:#root Completed in 4681ms
76 silly placeDep ROOT @types/aria-query@4.2.2 OK for: @testing-library/dom@8.13.0 want: ^4.2.0
77 silly placeDep node_modules/@testing-library/dom aria-query@5.0.0 OK for: @testing-library/dom@8.13.0 want: ^5.0.0
78 silly placeDep node_modules/@testing-library/dom chalk@4.1.2 OK for: @testing-library/dom@8.13.0 want: ^4.1.0
79 silly placeDep ROOT dom-accessibility-api@0.5.14 OK for: @testing-library/dom@8.13.0 want: ^0.5.9
80 silly placeDep ROOT lz-string@1.4.4 OK for: @testing-library/dom@8.13.0 want: ^1.4.4
81 silly fetch manifest ansi-styles@^4.1.0
82 silly fetch manifest supports-color@^7.1.0
83 http fetch GET 200 https://registry.npmjs.org/ansi-styles 3ms (cache hit)
84 http fetch GET 200 https://registry.npmjs.org/supports-color 4ms (cache hit)
85 timing idealTree:node_modules/@testing-library/dom Completed in 10ms
86 silly placeDep ROOT @types/testing-library__jest-dom@5.14.3 OK for: @testing-library/jest-dom@5.16.4 want: ^5.9.1
87 silly placeDep node_modules/@testing-library/jest-dom aria-query@5.0.0 OK for: @testing-library/jest-dom@5.16.4 want: ^5.0.0
88 silly placeDep node_modules/@testing-library/jest-dom chalk@3.0.0 OK for: @testing-library/jest-dom@5.16.4 want: ^3.0.0
89 silly placeDep ROOT css@3.0.0 OK for: @testing-library/jest-dom@5.16.4 want: ^3.0.0
90 silly placeDep ROOT css.escape@1.5.1 OK for: @testing-library/jest-dom@5.16.4 want: ^1.5.1
91 silly placeDep ROOT redent@3.0.0 OK for: @testing-library/jest-dom@5.16.4 want: ^3.0.0
92 silly fetch manifest @types/jest@*
93 silly fetch manifest source-map@^0.6.1
94 silly fetch manifest source-map-resolve@^0.6.0
95 silly fetch manifest indent-string@^4.0.0
96 silly fetch manifest strip-indent@^3.0.0
97 http fetch GET 200 https://registry.npmjs.org/source-map 6ms (cache hit)
98 http fetch GET 200 https://registry.npmjs.org/source-map-resolve 30ms (cache miss)
99 http fetch GET 200 https://registry.npmjs.org/indent-string 30ms (cache miss)
100 http fetch GET 200 https://registry.npmjs.org/strip-indent 33ms (cache miss)
101 http fetch GET 200 https://registry.npmjs.org/@types%2fjest 71ms (cache miss)
102 timing idealTree:node_modules/@testing-library/jest-dom Completed in 78ms
103 silly placeDep ROOT @types/react-dom@18.0.3 OK for: @testing-library/react@13.2.0 want: ^18.0.0
104 silly fetch manifest @types/react@*
105 http fetch GET 200 https://registry.npmjs.org/@types%2freact 83ms (cache miss)
106 timing idealTree:node_modules/@testing-library/react Completed in 86ms
107 timing idealTree:node_modules/@testing-library/user-event Completed in 0ms
108 timing idealTree:node_modules/@types/aria-query Completed in 0ms
109 silly placeDep ROOT @types/react@18.0.8 OK for: @types/react-dom@18.0.3 want: *
110 silly fetch manifest @types/prop-types@*
111 silly fetch manifest @types/scheduler@*
112 silly fetch manifest csstype@^3.0.2
113 http fetch GET 200 https://registry.npmjs.org/@types%2fscheduler 32ms (cache miss)
114 http fetch GET 200 https://registry.npmjs.org/@types%2fprop-types 69ms (cache miss)
115 http fetch GET 200 https://registry.npmjs.org/csstype 916ms (cache miss)
116 timing idealTree:node_modules/@types/react-dom Completed in 919ms
117 silly placeDep ROOT @types/prop-types@15.7.5 OK for: @types/react@18.0.8 want: *
118 silly placeDep ROOT @types/scheduler@0.16.2 OK for: @types/react@18.0.8 want: *
119 silly placeDep ROOT csstype@3.0.11 OK for: @types/react@18.0.8 want: ^3.0.2
120 timing idealTree:node_modules/@types/react Completed in 3ms
121 timing idealTree:node_modules/@types/prop-types Completed in 0ms
122 timing idealTree:node_modules/@types/scheduler Completed in 0ms
123 silly placeDep ROOT @types/jest@27.5.0 OK for: @types/testing-library__jest-dom@5.14.3 want: *
124 timing idealTree:node_modules/@types/testing-library__jest-dom Completed in 1ms
125 timing idealTree:node_modules/@types/jest Completed in 0ms
126 silly placeDep node_modules/css source-map@0.6.1 OK for: css@3.0.0 want: ^0.6.1
127 silly placeDep ROOT source-map-resolve@0.6.0 OK for: css@3.0.0 want: ^0.6.0
128 silly fetch manifest atob@^2.1.2
129 silly fetch manifest decode-uri-component@^0.2.0
130 http fetch GET 200 https://registry.npmjs.org/atob 27ms (cache miss)
131 http fetch GET 200 https://registry.npmjs.org/decode-uri-component 37ms (cache miss)
132 timing idealTree:node_modules/css Completed in 40ms
133 timing idealTree:node_modules/css.escape Completed in 0ms
134 timing idealTree:node_modules/csstype Completed in 0ms
135 timing idealTree:node_modules/dom-accessibility-api Completed in 0ms
136 timing idealTree:node_modules/lz-string Completed in 0ms
137 silly placeDep ROOT indent-string@4.0.0 OK for: redent@3.0.0 want: ^4.0.0
138 silly placeDep ROOT strip-indent@3.0.0 OK for: redent@3.0.0 want: ^3.0.0
139 silly fetch manifest min-indent@^1.0.0
140 http fetch GET 200 https://registry.npmjs.org/min-indent 34ms (cache miss)
141 timing idealTree:node_modules/redent Completed in 36ms
142 timing idealTree:node_modules/indent-string Completed in 0ms
143 silly placeDep ROOT atob@2.1.2 OK for: source-map-resolve@0.6.0 want: ^2.1.2
144 silly placeDep ROOT decode-uri-component@0.2.0 OK for: source-map-resolve@0.6.0 want: ^0.2.0
145 timing idealTree:node_modules/source-map-resolve Completed in 2ms
146 timing idealTree:node_modules/atob Completed in 0ms
147 timing idealTree:node_modules/decode-uri-component Completed in 0ms
148 silly placeDep ROOT min-indent@1.0.1 OK for: strip-indent@3.0.0 want: ^1.0.0
149 timing idealTree:node_modules/strip-indent Completed in 1ms
150 timing idealTree:node_modules/min-indent Completed in 0ms
151 timing idealTree:node_modules/web-vitals Completed in 0ms
152 timing idealTree:node_modules/@testing-library/dom/node_modules/aria-query Completed in 0ms
153 silly placeDep node_modules/@testing-library/dom ansi-styles@4.3.0 OK for: chalk@4.1.2 want: ^4.1.0
154 silly placeDep node_modules/@testing-library/dom supports-color@7.2.0 OK for: chalk@4.1.2 want: ^7.1.0
155 silly fetch manifest color-convert@^2.0.1
156 silly fetch manifest has-flag@^4.0.0
157 http fetch GET 200 https://registry.npmjs.org/color-convert 3ms (cache hit)
158 http fetch GET 200 https://registry.npmjs.org/has-flag 3ms (cache hit)
159 timing idealTree:node_modules/@testing-library/dom/node_modules/chalk Completed in 6ms
160 silly placeDep node_modules/@testing-library/dom color-convert@2.0.1 OK for: ansi-styles@4.3.0 want: ^2.0.1
161 silly fetch manifest color-name@~1.1.4
162 http fetch GET 200 https://registry.npmjs.org/color-name 1ms (cache hit)
163 timing idealTree:node_modules/@testing-library/dom/node_modules/ansi-styles Completed in 2ms
164 silly placeDep node_modules/@testing-library/dom color-name@1.1.4 OK for: color-convert@2.0.1 want: ~1.1.4
165 timing idealTree:node_modules/@testing-library/dom/node_modules/color-convert Completed in 1ms
166 timing idealTree:node_modules/@testing-library/dom/node_modules/color-name Completed in 0ms
167 silly placeDep node_modules/@testing-library/dom has-flag@4.0.0 OK for: supports-color@7.2.0 want: ^4.0.0
168 timing idealTree:node_modules/@testing-library/dom/node_modules/supports-color Completed in 1ms
169 timing idealTree:node_modules/@testing-library/dom/node_modules/has-flag Completed in 0ms
170 timing idealTree:node_modules/@testing-library/jest-dom/node_modules/aria-query Completed in 0ms
171 silly placeDep node_modules/@testing-library/jest-dom ansi-styles@4.3.0 OK for: chalk@3.0.0 want: ^4.1.0
172 silly placeDep node_modules/@testing-library/jest-dom supports-color@7.2.0 OK for: chalk@3.0.0 want: ^7.1.0
173 timing idealTree:node_modules/@testing-library/jest-dom/node_modules/chalk Completed in 1ms
174 silly placeDep node_modules/@testing-library/jest-dom color-convert@2.0.1 OK for: ansi-styles@4.3.0 want: ^2.0.1
175 timing idealTree:node_modules/@testing-library/jest-dom/node_modules/ansi-styles Completed in 0ms
176 silly placeDep node_modules/@testing-library/jest-dom color-name@1.1.4 OK for: color-convert@2.0.1 want: ~1.1.4
177 timing idealTree:node_modules/@testing-library/jest-dom/node_modules/color-convert Completed in 1ms
178 timing idealTree:node_modules/@testing-library/jest-dom/node_modules/color-name Completed in 0ms
179 silly placeDep node_modules/@testing-library/jest-dom has-flag@4.0.0 OK for: supports-color@7.2.0 want: ^4.0.0
180 timing idealTree:node_modules/@testing-library/jest-dom/node_modules/supports-color Completed in 0ms
181 timing idealTree:node_modules/@testing-library/jest-dom/node_modules/has-flag Completed in 0ms
182 timing idealTree:node_modules/css/node_modules/source-map Completed in 0ms
183 timing idealTree:buildDeps Completed in 5871ms
184 timing idealTree:fixDepFlags Completed in 12ms
185 timing idealTree Completed in 6446ms
186 timing reify:loadTrees Completed in 6446ms
187 timing reify:diffTrees Completed in 18ms
188 silly reify moves {}
189 timing reify:retireShallow Completed in 0ms
190 timing reify:createSparse Completed in 4ms
191 timing reify:loadBundles Completed in 0ms
192 verbose reify failed optional dependency /home/jbernardis/Documents/projects/web/my-app/node_modules/fsevents
193 silly reify mark deleted [
193 silly reify   '/home/jbernardis/Documents/projects/web/my-app/node_modules/fsevents'
193 silly reify ]
194 timing reifyNode:node_modules/fsevents Completed in 3ms
195 silly tarball no local data for min-indent@https://registry.npmjs.org/min-indent/-/min-indent-1.0.1.tgz. Extracting by manifest.
196 silly tarball no local data for decode-uri-component@https://registry.npmjs.org/decode-uri-component/-/decode-uri-component-0.2.0.tgz. Extracting by manifest.
197 silly tarball no local data for strip-indent@https://registry.npmjs.org/strip-indent/-/strip-indent-3.0.0.tgz. Extracting by manifest.
198 silly tarball no local data for atob@https://registry.npmjs.org/atob/-/atob-2.1.2.tgz. Extracting by manifest.
199 silly tarball no local data for source-map-resolve@https://registry.npmjs.org/source-map-resolve/-/source-map-resolve-0.6.0.tgz. Extracting by manifest.
200 silly tarball no local data for indent-string@https://registry.npmjs.org/indent-string/-/indent-string-4.0.0.tgz. Extracting by manifest.
201 silly tarball no local data for @types/jest@https://registry.npmjs.org/@types/jest/-/jest-27.5.0.tgz. Extracting by manifest.
202 silly tarball no local data for csstype@https://registry.npmjs.org/csstype/-/csstype-3.0.11.tgz. Extracting by manifest.
203 silly tarball no local data for @types/scheduler@https://registry.npmjs.org/@types/scheduler/-/scheduler-0.16.2.tgz. Extracting by manifest.
204 silly tarball no local data for @types/prop-types@https://registry.npmjs.org/@types/prop-types/-/prop-types-15.7.5.tgz. Extracting by manifest.
205 silly tarball no local data for redent@https://registry.npmjs.org/redent/-/redent-3.0.0.tgz. Extracting by manifest.
206 silly tarball no local data for @types/react-dom@https://registry.npmjs.org/@types/react-dom/-/react-dom-18.0.3.tgz. Extracting by manifest.
207 silly tarball no local data for @types/react@https://registry.npmjs.org/@types/react/-/react-18.0.8.tgz. Extracting by manifest.
208 silly tarball no local data for css.escape@https://registry.npmjs.org/css.escape/-/css.escape-1.5.1.tgz. Extracting by manifest.
209 silly tarball no local data for css@https://registry.npmjs.org/css/-/css-3.0.0.tgz. Extracting by manifest.
210 silly tarball no local data for @types/testing-library__jest-dom@https://registry.npmjs.org/@types/testing-library__jest-dom/-/testing-library__jest-dom-5.14.3.tgz. Extracting by manifest.
211 silly tarball no local data for lz-string@https://registry.npmjs.org/lz-string/-/lz-string-1.4.4.tgz. Extracting by manifest.
212 silly tarball no local data for dom-accessibility-api@https://registry.npmjs.org/dom-accessibility-api/-/dom-accessibility-api-0.5.14.tgz. Extracting by manifest.
213 silly tarball no local data for @types/aria-query@https://registry.npmjs.org/@types/aria-query/-/aria-query-4.2.2.tgz. Extracting by manifest.
214 silly tarball no local data for web-vitals@https://registry.npmjs.org/web-vitals/-/web-vitals-2.1.4.tgz. Extracting by manifest.
215 silly tarball no local data for @testing-library/react@https://registry.npmjs.org/@testing-library/react/-/react-13.2.0.tgz. Extracting by manifest.
216 silly tarball no local data for @testing-library/jest-dom@https://registry.npmjs.org/@testing-library/jest-dom/-/jest-dom-5.16.4.tgz. Extracting by manifest.
217 silly tarball no local data for @testing-library/dom@https://registry.npmjs.org/@testing-library/dom/-/dom-8.13.0.tgz. Extracting by manifest.
218 silly tarball no local data for @testing-library/user-event@https://registry.npmjs.org/@testing-library/user-event/-/user-event-13.5.0.tgz. Extracting by manifest.
219 silly tarball no local data for aria-query@https://registry.npmjs.org/aria-query/-/aria-query-5.0.0.tgz. Extracting by manifest.
220 silly tarball no local data for chalk@https://registry.npmjs.org/chalk/-/chalk-3.0.0.tgz. Extracting by manifest.
221 silly tarball no local data for aria-query@https://registry.npmjs.org/aria-query/-/aria-query-5.0.0.tgz. Extracting by manifest.
222 timing reifyNode:node_modules/@testing-library/dom/node_modules/color-name Completed in 202ms
223 timing reifyNode:node_modules/@testing-library/jest-dom/node_modules/color-name Completed in 202ms
224 timing reifyNode:node_modules/@testing-library/dom/node_modules/has-flag Completed in 206ms
225 timing reifyNode:node_modules/@testing-library/dom/node_modules/supports-color Completed in 206ms
226 timing reifyNode:node_modules/@testing-library/jest-dom/node_modules/has-flag Completed in 206ms
227 timing reifyNode:node_modules/@testing-library/jest-dom/node_modules/supports-color Completed in 207ms
228 timing reifyNode:node_modules/@testing-library/dom/node_modules/ansi-styles Completed in 210ms
229 timing reifyNode:node_modules/@testing-library/jest-dom/node_modules/ansi-styles Completed in 209ms
230 timing reifyNode:node_modules/@testing-library/dom/node_modules/color-convert Completed in 218ms
231 timing reifyNode:node_modules/@testing-library/jest-dom/node_modules/color-convert Completed in 218ms
232 timing reifyNode:node_modules/@testing-library/dom/node_modules/chalk Completed in 222ms
233 http fetch GET 200 https://registry.npmjs.org/atob/-/atob-2.1.2.tgz 213ms (cache miss)
234 http fetch GET 200 https://registry.npmjs.org/min-indent/-/min-indent-1.0.1.tgz 222ms (cache miss)
235 timing reifyNode:node_modules/min-indent Completed in 235ms
236 http fetch GET 200 https://registry.npmjs.org/indent-string/-/indent-string-4.0.0.tgz 214ms (cache miss)
237 timing reifyNode:node_modules/indent-string Completed in 237ms
238 timing reifyNode:node_modules/atob Completed in 237ms
239 http fetch GET 200 https://registry.npmjs.org/decode-uri-component/-/decode-uri-component-0.2.0.tgz 226ms (cache miss)
240 timing reifyNode:node_modules/decode-uri-component Completed in 242ms
241 http fetch GET 200 https://registry.npmjs.org/strip-indent/-/strip-indent-3.0.0.tgz 234ms (cache miss)
242 timing reifyNode:node_modules/strip-indent Completed in 252ms
243 http fetch GET 200 https://registry.npmjs.org/source-map-resolve/-/source-map-resolve-0.6.0.tgz 233ms (cache miss)
244 warn deprecated source-map-resolve@0.6.0: See https://github.com/lydell/source-map-resolve#deprecated
245 timing reifyNode:node_modules/source-map-resolve Completed in 255ms
246 http fetch GET 200 https://registry.npmjs.org/redent/-/redent-3.0.0.tgz 222ms (cache miss)
247 timing reifyNode:node_modules/redent Completed in 259ms
248 http fetch GET 200 https://registry.npmjs.org/css.escape/-/css.escape-1.5.1.tgz 226ms (cache miss)
249 timing reifyNode:node_modules/css.escape Completed in 270ms
250 http fetch GET 200 https://registry.npmjs.org/@types/scheduler/-/scheduler-0.16.2.tgz 245ms (cache miss)
251 timing reifyNode:node_modules/@types/scheduler Completed in 276ms
252 http fetch GET 200 https://registry.npmjs.org/css/-/css-3.0.0.tgz 237ms (cache miss)
253 timing reifyNode:node_modules/css Completed in 283ms
254 http fetch GET 200 https://registry.npmjs.org/@types/react-dom/-/react-dom-18.0.3.tgz 245ms (cache miss)
255 timing reifyNode:node_modules/@types/react-dom Completed in 286ms
256 http fetch GET 200 https://registry.npmjs.org/chalk/-/chalk-3.0.0.tgz 203ms (cache miss)
257 timing reifyNode:node_modules/@testing-library/jest-dom/node_modules/chalk Completed in 295ms
258 http fetch GET 200 https://registry.npmjs.org/lz-string/-/lz-string-1.4.4.tgz 250ms (cache miss)
259 timing reifyNode:node_modules/lz-string Completed in 304ms
260 http fetch GET 200 https://registry.npmjs.org/@types/react/-/react-18.0.8.tgz 264ms (cache miss)
261 timing reifyNode:node_modules/@types/react Completed in 307ms
262 timing reifyNode:node_modules/css/node_modules/source-map Completed in 318ms
263 http fetch GET 200 https://registry.npmjs.org/dom-accessibility-api/-/dom-accessibility-api-0.5.14.tgz 283ms (cache miss)
264 timing reifyNode:node_modules/dom-accessibility-api Completed in 339ms
265 http fetch GET 200 https://registry.npmjs.org/web-vitals/-/web-vitals-2.1.4.tgz 276ms (cache miss)
266 timing reifyNode:node_modules/web-vitals Completed in 341ms
267 http fetch GET 200 https://registry.npmjs.org/csstype/-/csstype-3.0.11.tgz 316ms (cache miss)
268 timing reifyNode:node_modules/csstype Completed in 345ms
269 http fetch GET 200 https://registry.npmjs.org/aria-query/-/aria-query-5.0.0.tgz 302ms (cache miss)
270 timing reifyNode:node_modules/@testing-library/dom/node_modules/aria-query Completed in 391ms
271 http fetch GET 200 https://registry.npmjs.org/aria-query/-/aria-query-5.0.0.tgz 300ms (cache miss)
272 timing reifyNode:node_modules/@testing-library/jest-dom/node_modules/aria-query Completed in 396ms
273 http fetch GET 200 https://registry.npmjs.org/@types/testing-library__jest-dom/-/testing-library__jest-dom-5.14.3.tgz 357ms (cache miss)
274 timing reifyNode:node_modules/@types/testing-library__jest-dom Completed in 410ms
275 http fetch GET 200 https://registry.npmjs.org/@types/aria-query/-/aria-query-4.2.2.tgz 901ms (cache miss)
276 timing reifyNode:node_modules/@types/aria-query Completed in 959ms
277 http fetch GET 200 https://registry.npmjs.org/@types/jest/-/jest-27.5.0.tgz 952ms (cache miss)
278 timing reifyNode:node_modules/@types/jest Completed in 979ms
279 http fetch GET 200 https://registry.npmjs.org/@types/prop-types/-/prop-types-15.7.5.tgz 966ms (cache miss)
280 timing reifyNode:node_modules/@types/prop-types Completed in 999ms
281 http fetch GET 200 https://registry.npmjs.org/@testing-library/dom/-/dom-8.13.0.tgz 997ms (cache miss)
282 timing reifyNode:node_modules/@testing-library/dom Completed in 1077ms
283 http fetch GET 200 https://registry.npmjs.org/@testing-library/jest-dom/-/jest-dom-5.16.4.tgz 1013ms (cache miss)
284 timing reifyNode:node_modules/@testing-library/jest-dom Completed in 1088ms
285 http fetch GET 200 https://registry.npmjs.org/@testing-library/user-event/-/user-event-13.5.0.tgz 1020ms (cache miss)
286 timing reifyNode:node_modules/@testing-library/user-event Completed in 1103ms
287 http fetch GET 200 https://registry.npmjs.org/@testing-library/react/-/react-13.2.0.tgz 1168ms (cache miss)
288 timing reifyNode:node_modules/@testing-library/react Completed in 1238ms
289 timing reify:unpack Completed in 1239ms
290 timing reify:unretire Completed in 1ms
291 timing build:queue Completed in 1ms
292 timing build:link:node_modules/atob Completed in 1ms
293 timing build:link:node_modules/lz-string Completed in 1ms
294 timing build:link Completed in 1ms
295 timing build:deps Completed in 3ms
296 timing build Completed in 3ms
297 timing reify:build Completed in 3ms
298 timing reify:trash Completed in 0ms
299 timing reify:save Completed in 151ms
300 timing reify Completed in 7909ms
301 silly ADD node_modules/min-indent
302 silly ADD node_modules/decode-uri-component
303 silly ADD node_modules/atob
304 silly ADD node_modules/strip-indent
305 silly ADD node_modules/indent-string
306 silly ADD node_modules/source-map-resolve
307 silly ADD node_modules/@types/jest
308 silly ADD node_modules/csstype
309 silly ADD node_modules/@types/scheduler
310 silly ADD node_modules/@types/prop-types
311 silly ADD node_modules/@types/react
312 silly ADD node_modules/@types/react-dom
313 silly ADD node_modules/redent
314 silly ADD node_modules/css.escape
315 silly ADD node_modules/css
316 silly ADD node_modules/css/node_modules/source-map
317 silly ADD node_modules/@types/testing-library__jest-dom
318 silly ADD node_modules/lz-string
319 silly ADD node_modules/dom-accessibility-api
320 silly ADD node_modules/@types/aria-query
321 silly ADD node_modules/web-vitals
322 silly ADD node_modules/@testing-library/dom
323 silly ADD node_modules/@testing-library/dom/node_modules/has-flag
324 silly ADD node_modules/@testing-library/dom/node_modules/color-name
325 silly ADD node_modules/@testing-library/dom/node_modules/color-convert
326 silly ADD node_modules/@testing-library/dom/node_modules/supports-color
327 silly ADD node_modules/@testing-library/dom/node_modules/ansi-styles
328 silly ADD node_modules/@testing-library/dom/node_modules/chalk
329 silly ADD node_modules/@testing-library/dom/node_modules/aria-query
330 silly ADD node_modules/@testing-library/user-event
331 silly ADD node_modules/@testing-library/react
332 silly ADD node_modules/@testing-library/jest-dom
333 silly ADD node_modules/@testing-library/jest-dom/node_modules/has-flag
334 silly ADD node_modules/@testing-library/jest-dom/node_modules/color-name
335 silly ADD node_modules/@testing-library/jest-dom/node_modules/color-convert
336 silly ADD node_modules/@testing-library/jest-dom/node_modules/supports-color
337 silly ADD node_modules/@testing-library/jest-dom/node_modules/ansi-styles
338 silly ADD node_modules/@testing-library/jest-dom/node_modules/chalk
339 silly ADD node_modules/@testing-library/jest-dom/node_modules/aria-query
340 silly ADD
341 timing command:install Completed in 7917ms
342 verbose exit 0
343 timing npm Completed in 8062ms
344 info ok
